c:\dev\cppseries\glgameengine\bin\intermediates\x64\debug\vc143.pdb
c:\dev\cppseries\glgameengine\bin\intermediates\x64\debug\vc143.idb
c:\dev\cppseries\glgameengine\bin\intermediates\x64\debug\glad.obj
c:\dev\cppseries\glgameengine\bin\intermediates\x64\debug\glm.obj
c:\dev\cppseries\glgameengine\bin\intermediates\x64\debug\shader.obj
c:\dev\cppseries\glgameengine\bin\x64\debug\glgameengine.exe
c:\dev\cppseries\glgameengine\bin\x64\debug\glgameengine.pdb
c:\dev\cppseries\glgameengine\bin\intermediates\x64\debug\glgameengine.ilk
c:\dev\cppseries\glgameengine\bin\intermediates\x64\debug\aactor.obj
c:\dev\cppseries\glgameengine\bin\intermediates\x64\debug\acamera.obj
c:\dev\cppseries\glgameengine\bin\intermediates\x64\debug\glgameengine.obj
c:\dev\cppseries\glgameengine\bin\intermediates\x64\debug\loadutility.obj
c:\dev\cppseries\glgameengine\\bin\x64\debug\glgameengine.pdb
c:\dev\cppseries\glgameengine\\bin\intermediates\x64\debug\glgameengine.vcxproj.filelistabsolute.txt
c:\dev\cppseries\glgameengine\bin\intermediates\x64\debug\glgameengine.tlog\cl.command.1.tlog
c:\dev\cppseries\glgameengine\bin\intermediates\x64\debug\glgameengine.tlog\cl.items.tlog
c:\dev\cppseries\glgameengine\bin\intermediates\x64\debug\glgameengine.tlog\cl.read.1.tlog
c:\dev\cppseries\glgameengine\bin\intermediates\x64\debug\glgameengine.tlog\cl.write.1.tlog
c:\dev\cppseries\glgameengine\bin\intermediates\x64\debug\glgameengine.tlog\link.command.1.tlog
c:\dev\cppseries\glgameengine\bin\intermediates\x64\debug\glgameengine.tlog\link.read.1.tlog
c:\dev\cppseries\glgameengine\bin\intermediates\x64\debug\glgameengine.tlog\link.secondary.1.tlog
c:\dev\cppseries\glgameengine\bin\intermediates\x64\debug\glgameengine.tlog\link.write.1.tlog
